Using pre-set license
Built from '6000.1/staging' branch; Version is '6000.1.4f1 (03270eb687c6) revision 206606'; Using compiler version '194234433'; Build Type 'Release'
OS: 'Windows 10  (10.0.19045) 64bit Professional' Language: 'pt' Physical Memory: 3532 MB
BatchMode: 1, IsHumanControllingUs: 0, StartBugReporterOnCrash: 0, Is64bit: 1, IsPro: 1
Date: 2025-06-01T18:12:55Z

COMMAND LINE ARGUMENTS:
D:\Nova pasta\6000.1.4f1\Editor\Unity.exe
-adb2
-batchMode
-noUpm
-name
AssetImportWorker0
-projectPath
D:/GUI
-logFile
Logs/AssetImportWorker0.log
-srvPort
56747
-job-worker-count
1
-background-job-worker-count
8
-gc-helper-count
1
-name
AssetImport
Successfully changed project path to: D:/GUI
D:/GUI
[UnityMemory] Configuration Parameters - Can be set up in boot.config
    "memorysetup-allocator-temp-initial-block-size-main=262144"
    "memorysetup-allocator-temp-initial-block-size-worker=262144"
    "memorysetup-bucket-allocator-granularity=16"
    "memorysetup-bucket-allocator-bucket-count=8"
    "memorysetup-bucket-allocator-block-size=33554432"
    "memorysetup-bucket-allocator-block-count=8"
    "memorysetup-main-allocator-block-size=16777216"
    "memorysetup-thread-allocator-block-size=16777216"
    "memorysetup-gfx-main-allocator-block-size=16777216"
    "memorysetup-gfx-thread-allocator-block-size=16777216"
    "memorysetup-cache-allocator-block-size=4194304"
    "memorysetup-typetree-allocator-block-size=2097152"
    "memorysetup-profiler-bucket-allocator-granularity=16"
    "memorysetup-profiler-bucket-allocator-bucket-count=8"
    "memorysetup-profiler-bucket-allocator-block-size=33554432"
    "memorysetup-profiler-bucket-allocator-block-count=8"
    "memorysetup-profiler-allocator-block-size=16777216"
    "memorysetup-profiler-editor-allocator-block-size=1048576"
    "memorysetup-temp-allocator-size-main=16777216"
    "memorysetup-job-temp-allocator-block-size=2097152"
    "memorysetup-job-temp-allocator-block-size-background=1048576"
    "memorysetup-job-temp-allocator-reduction-small-platforms=262144"
    "memorysetup-temp-allocator-size-background-worker=32768"
    "memorysetup-temp-allocator-size-job-worker=262144"
    "memorysetup-temp-allocator-size-preload-manager=33554432"
    "memorysetup-temp-allocator-size-nav-mesh-worker=65536"
    "memorysetup-temp-allocator-size-audio-worker=65536"
    "memorysetup-temp-allocator-size-cloud-worker=32768"
    "memorysetup-temp-allocator-size-gi-baking-worker=262144"
    "memorysetup-temp-allocator-size-gi-baking-worker=262144"
    "memorysetup-temp-allocator-size-gi-baking-worker=262144"
    "memorysetup-temp-allocator-size-gi-baking-worker=262144"
    "memorysetup-temp-allocator-size-gi-baking-worker=262144"
    "memorysetup-temp-allocator-size-gfx=262144"
Player connection [428]  Target information:

Player connection [428]  * "[IP] 192.168.0.5 [Port] 0 [Flags] 2 [Guid] 4048546524 [EditorId] 4048546524 [Version] 1048832 [Id] WindowsEditor(7,Usuario-PC) [Debug] 1 [PackageName] WindowsEditor [ProjectName] Editor" 

Player connection [428] Host joined multi-casting on [225.0.0.222:54997]...
Player connection [428] Host joined alternative multi-casting on [225.0.0.222:34997]...
JobSystem: Creating JobQueue using job-worker-count value 1
Input System module state changed to: Initialized.
[Physics::Module] Initialized fallback backend.
[Physics::Module] Id: 0xdecafbad
Library Redirect Path: Library/
[Physics::Module] Selected backend.
[Physics::Module] Name: PhysX
[Physics::Module] Id: 0xf2b8ea05
[Physics::Module] SDK Version: 4.1.2
[Physics::Module] Integration Version: 1.0.0
[Physics::Module] Threading Mode: Multi-Threaded
Refreshing native plugins compatible for Editor in 50.19 ms, found 4 plugins.
Preloading 0 native plugins for Editor in 0.00 ms.
Initialize engine version: 6000.1.4f1 (03270eb687c6)
[Subsystems] Discovering subsystems at path D:/Nova pasta/6000.1.4f1/Editor/Data/Resources/UnitySubsystems
[Subsystems] Discovering subsystems at path D:/GUI/Assets
GfxDevice: creating device client; kGfxThreadingModeNonThreaded
Direct3D:
    Version:         Direct3D 12 [level 12.1]
    Renderer:        AMD Radeon(TM) Vega 8 Graphics (ID=0x15dd)
    Vendor:          ATI
    VRAM:            1766 MB
    App VRAM Budget: 2037 MB
    Driver:          31.0.21921.1000
    Unified Memory Architecture
Initialize mono
Mono path[0] = 'D:/Nova pasta/6000.1.4f1/Editor/Data/Managed'
Mono path[1] = 'D:/Nova pasta/6000.1.4f1/Editor/Data/MonoBleedingEdge/lib/mono/unityjit-win32'
Mono config path = 'D:/Nova pasta/6000.1.4f1/Editor/Data/MonoBleedingEdge/etc'
Using monoOptions --debugger-agent=transport=dt_socket,embedding=1,server=y,suspend=n,address=127.0.0.1:56004
Begin MonoManager ReloadAssembly
Registering precompiled unity dll's ...
Register platform support module: D:/Nova pasta/6000.1.4f1/Editor/Data/PlaybackEngines/WebGLSupport/UnityEditor.WebGL.Extensions.dll
Register platform support module: D:/Nova pasta/6000.1.4f1/Editor/Data/PlaybackEngines/WindowsStandaloneSupport/UnityEditor.WindowsStandalone.Extensions.dll
Registered in 0.022375 seconds.
- Loaded All Assemblies, in  2.080 seconds
Native extension for WindowsStandalone target not found
Native extension for WebGL target not found
Mono: successfully reloaded assembly
- Finished resetting the current domain, in  1.631 seconds
Domain Reload Profiling: 3723ms
	BeginReloadAssembly (803ms)
		ExecutionOrderSort (0ms)
		DisableScriptedObjects (0ms)
		BackupInstance (0ms)
		ReleaseScriptingObjects (1ms)
		CreateAndSetChildDomain (15ms)
	RebuildCommonClasses (176ms)
	RebuildNativeTypeToScriptingClass (24ms)
	initialDomainReloadingComplete (343ms)
	LoadAllAssembliesAndSetupDomain (733ms)
		LoadAssemblies (799ms)
		RebuildTransferFunctionScriptingTraits (0ms)
		AnalyzeDomain (691ms)
			TypeCache.Refresh (686ms)
				TypeCache.ScanAssembly (633ms)
			BuildScriptInfoCaches (2ms)
			ResolveRequiredComponents (2ms)
	FinalizeReload (1644ms)
		ReleaseScriptCaches (0ms)
		RebuildScriptCaches (0ms)
		SetupLoadedEditorAssemblies (1375ms)
			LogAssemblyErrors (0ms)
			InitializePlatformSupportModulesInManaged (255ms)
			SetLoadedEditorAssemblies (18ms)
			BeforeProcessingInitializeOnLoad (290ms)
			ProcessInitializeOnLoadAttributes (512ms)
			ProcessInitializeOnLoadMethodAttributes (297ms)
			AfterProcessingInitializeOnLoad (0ms)
			EditorAssembliesLoaded (2ms)
		ExecutionOrderSort2 (0ms)
		AwakeInstancesAfterBackupRestoration (0ms)
========================================================================
Worker process is ready to serve import requests
Import Worker Mode flag is 0x00
Begin MonoManager ReloadAssembly
Failed loading assembly Packages/com.unity.collab-proxy/Lib/Editor/unityplastic.dll reason: Not enough space
Loading assembly failed: "Packages/com.unity.collab-proxy/Lib/Editor/unityplastic.dll" reason: Not enough space
Could not allocate memory: System out of memory!
Trying to allocate: 2648065B with 16 alignment. MemoryLabel: Serialization
Allocation happened at: Line:543 in C:\build\output\unity\unity\Runtime\Core\Containers\StringStorageDefault.h
Memory overview

[ ALLOC_TEMP_TLS ] used: 2671453B &s| reserved: 620353217696B 
[ ALLOC_MEMORYPROFILER ] used: 15208B &s| reserved: 620353217696B 
[ ALLOC_DEFAULT ] used: 43008424B &s| reserved: 620353217696B 
[ ALLOC_TEMP_JOB_1_FRAME ] used: 0B &s| reserved: 620353217696B 
[ ALLOC_TEMP_JOB_2_FRAMES ] used: 0B &s| reserved: 620353217696B 
[ ALLOC_TEMP_JOB_4_FRAMES (JobTemp) ] used: 0B &s| reserved: 620353217696B 
[ ALLOC_TEMP_JOB_ASYNC (Background) ] used: 0B &s| reserved: 620353217696B 
[ ALLOC_GFX ] used: 76632B &s| reserved: 620353217696B 
[ ALLOC_CACHEOBJECTS ] used: 69034002B &s| reserved: 620353217696B 
[ ALLOC_TYPETREE ] used: 9870312B &s| reserved: 620353217696B 
[ ALLOC_PROFILER ] used: 72960B &s| reserved: 620353217696B 
[ ALLOC_PROFILER_EDITOR ] used: 0B &s| reserved: 620353217696B 
Could not allocate memory: System out of memory!
Trying to allocate: 2648065B with 16 alignment. MemoryLabel: Serialization
Allocation happened at: Line:543 in C:\build\output\unity\unity\Runtime\Core\Containers\StringStorageDefault.h
Memory overview

[ ALLOC_TEMP_TLS ] used: 2671453B &s| reserved: 620353217696B 
[ ALLOC_MEMORYPROFILER ] used: 15208B &s| reserved: 620353217696B 
[ ALLOC_DEFAULT ] used: 43008424B &s| reserved: 620353217696B 
[ ALLOC_TEMP_JOB_1_FRAME ] used: 0B &s| reserved: 620353217696B 
[ ALLOC_TEMP_JOB_2_FRAMES ] used: 0B &s| reserved: 620353217696B 
[ ALLOC_TEMP_JOB_4_FRAMES (JobTemp) ] used: 0B &s| reserved: 620353217696B 
[ ALLOC_TEMP_JOB_ASYNC (Background) ] used: 0B &s| reserved: 620353217696B 
[ ALLOC_GFX ] used: 76632B &s| reserved: 620353217696B 
[ ALLOC_CACHEOBJECTS ] used: 69034002B &s| reserved: 620353217696B 
[ ALLOC_TYPETREE ] used: 9870312B &s| reserved: 620353217696B 
[ ALLOC_PROFILER ] used: 72960B &s| reserved: 620353217696B 
[ ALLOC_PROFILER_EDITOR ] used: 0B &s| reserved: 620353217696B 
Fatal Error! Could not allocate memory: System out of memory!
Trying to allocate: 2648065B with 16 alignment. MemoryLabel: Serialization
Allocation happened at: Line:543 in C:\build\output\unity\unity\Runtime\Core\Containers\StringStorageDefault.h
Memory overview

[ ALLOC_TEMP_TLS ] used: 2671453B &s| reserved: 620353217696B 
[ ALLOC_MEMORYPROFILER ] used: 15208B &s| reserved: 620353217696B 
[ ALLOC_DEFAULT ] used: 43008424B &s| reserved: 620353217696B 
[ ALLOC_TEMP_JOB_1_FRAME ] used: 0B &s| reserved: 620353217696B 
[ ALLOC_TEMP_JOB_2_FRAMES ] used: 0B &s| reserved: 620353217696B 
[ ALLOC_TEMP_JOB_4_FRAMES (JobTemp) ] used: 0B &s| reserved: 620353217696B 
[ ALLOC_TEMP_JOB_ASYNC (Background) ] used: 0B &s| reserved: 620353217696B 
[ ALLOC_GFX ] used: 76632B &s| reserved: 620353217696B 
[ ALLOC_CACHEOBJECTS ] used: 69034002B &s| reserved: 620353217696B 
[ ALLOC_TYPETREE ] used: 9870312B &s| reserved: 620353217696B 
[ ALLOC_PROFILER ] used: 72960B &s| reserved: 620353217696B 
[ ALLOC_PROFILER_EDITOR ] used: 0B &s| reserved: 620353217696B 

Crash!!!
SymInit: Symbol-SearchPath: 'D:/Nova pasta/6000.1.4f1/Editor/Data/Mono;.;D:\GUI;D:\GUI\Library\BurstCache\JIT;D:\Nova pasta\6000.1.4f1\Editor;C:\Windows;C:\Windows\system32;', symOptions: 534, UserName: 'Home'
OS-Version: 10.0.0
D:\Nova pasta\6000.1.4f1\Editor\Unity.exe:Unity.exe (00007FF74CE00000), size: 290816 (result: 0), SymType: '-deferred-', PDB: '', fileVersion: 6000.1.4.9998
C:\Windows\SYSTEM32\ntdll.dll:ntdll.dll (00007FF869470000), size: 2064384 (result: 0), SymType: '-deferred-', PDB: '', fileVersion: 10.0.19041.5438
C:\Windows\System32\KERNEL32.DLL:KERNEL32.DLL (00007FF868530000), size: 794624 (result: 0), SymType: '-deferred-', PDB: '', fileVersion: 10.0.19041.5678
C:\Windows\System32\KERNELBASE.dll:KERNELBASE.dll (00007FF8670C0000), size: 3104768 (result: 0), SymType: '-deferred-', PDB: '', fileVersion: 10.0.19041.5678
C:\Windows\System32\USER32.dll:USER32.dll (00007FF8682E0000), size: 1691648 (result: 0), SymType: '-deferred-', PDB: '', fileVersion: 10.0.19041.5737
C:\Windows\System32\win32u.dll:win32u.dll (00007FF866F00000), size: 139264 (result: 0), SymType: '-deferred-', PDB: '', fileVersion: 10.0.19041.5737
C:\Windows\System32\GDI32.dll:GDI32.dll (00007FF869190000), size: 176128 (result: 0), SymType: '-deferred-', PDB: '', fileVersion: 10.0.19041.5737
C:\Windows\System32\gdi32full.dll:gdi32full.dll (00007FF866B00000), size: 1155072 (result: 0), SymType: '-deferred-', PDB: '', fileVersion: 10.0.19041.5737
C:\Windows\System32\msvcp_win.dll:msvcp_win.dll (00007FF8673C0000), size: 643072 (result: 0), SymType: '-deferred-', PDB: '', fileVersion: 10.0.19041.3636
C:\Windows\System32\ucrtbase.dll:ucrtbase.dll (00007FF866C20000), size: 1048576 (result: 0), SymType: '-deferred-', PDB: '', fileVersion: 10.0.19041.3636
C:\Windows\System32\IMM32.DLL:IMM32.DLL (00007FF868AE0000), size: 192512 (result: 0), SymType: '-deferred-', PDB: '', fileVersion: 10.0.19041.5737
D:\Nova pasta\6000.1.4f1\Editor\Unity.dll:Unity.dll (00007FF817C90000), size: 86872064 (result: 0), SymType: '-deferred-', PDB: '', fileVersion: 6000.1.4.9998
C:\Windows\System32\CRYPT32.dll:CRYPT32.dll (00007FF866DA0000), size: 1429504 (result: 0), SymType: '-deferred-', PDB: '', fileVersion: 10.0.19041.5737
C:\Windows\System32\ADVAPI32.dll:ADVAPI32.dll (00007FF8686D0000), size: 716800 (result: 0), SymType: '-deferred-', PDB: '', fileVersion: 10.0.19041.5737
C:\Windows\System32\msvcrt.dll:msvcrt.dll (00007FF8691C0000), size: 647168 (result: 0), SymType: '-deferred-', PDB: '', fileVersion: 7.0.19041.3636
C:\Windows\System32\sechost.dll:sechost.dll (00007FF869390000), size: 651264 (result: 0), SymType: '-deferred-', PDB: '', fileVersion: 10.0.19041.5737
D:\Nova pasta\6000.1.4f1\Editor\libfbxsdk.dll:libfbxsdk.dll (00007FF824510000), size: 8019968 (result: 0), SymType: '-deferred-', PDB: '', fileVersion: 2020.3.7.0
C:\Windows\System32\RPCRT4.dll:RPCRT4.dll (00007FF867C60000), size: 1191936 (result: 0), SymType: '-deferred-', PDB: '', fileVersion: 10.0.19041.4957
C:\Windows\System32\bcrypt.dll:bcrypt.dll (00007FF867460000), size: 159744 (result: 0), SymType: '-deferred-', PDB: '', fileVersion: 10.0.19041.5369
D:\Nova pasta\6000.1.4f1\Editor\s3tcompress.dll:s3tcompress.dll (00007FF832B10000), size: 180224 (result: 0), SymType: '-deferred-', PDB: ''
D:\Nova pasta\6000.1.4f1\Editor\etccompress.dll:etccompress.dll (00007FF8221A0000), size: 5070848 (result: 0), SymType: '-deferred-', PDB: ''
D:\Nova pasta\6000.1.4f1\Editor\ispc_texcomp.dll:ispc_texcomp.dll (00007FF8261C0000), size: 1826816 (result: 0), SymType: '-deferred-', PDB: ''
D:\Nova pasta\6000.1.4f1\Editor\compress_bc7e.dll:compress_bc7e.dll (00007FF824CC0000), size: 1433600 (result: 0), SymType: '-deferred-', PDB: ''
D:\Nova pasta\6000.1.4f1\Editor\WinPixEventRuntime.dll:WinPixEventRuntime.dll (00007FF864190000), size: 53248 (result: 0), SymType: '-deferred-', PDB: '', fileVersion: 1.0.2201.24001
D:\Nova pasta\6000.1.4f1\Editor\FreeImage.dll:FreeImage.dll (0000000180000000), size: 5783552 (result: 0), SymType: '-deferred-', PDB: '', fileVersion: 3.18.0.0
C:\Windows\System32\WS2_32.dll:WS2_32.dll (00007FF868660000), size: 438272 (result: 0), SymType: '-deferred-', PDB: '', fileVersion: 10.0.19041.3636
D:\Nova pasta\6000.1.4f1\Editor\umbraoptimizer64.dll:umbraoptimizer64.dll (00007FF8243E0000), size: 1187840 (result: 0), SymType: '-deferred-', PDB: ''
C:\Windows\SYSTEM32\VCRUNTIME140.dll:VCRUNTIME140.dll (00007FF8543E0000), size: 122880 (result: 0), SymType: '-deferred-', PDB: '', fileVersion: 14.42.34438.0
C:\Windows\SYSTEM32\VCRUNTIME140_1.dll:VCRUNTIME140_1.dll (00007FF853DA0000), size: 49152 (result: 0), SymType: '-deferred-', PDB: '', fileVersion: 14.42.34438.0
C:\Windows\SYSTEM32\MSVCP140.dll:MSVCP140.dll (00007FF8542C0000), size: 577536 (result: 0), SymType: '-deferred-', PDB: '', fileVersion: 14.42.34438.0
C:\Windows\System32\ole32.dll:ole32.dll (00007FF869260000), size: 1224704 (result: 0), SymType: '-deferred-', PDB: '', fileVersion: 10.0.19041.5369
C:\Windows\WinSxS\amd64_microsoft.windows.common-controls_6595b64144ccf1df_6.0.19041.4355_none_60b8b9eb71f62e16\COMCTL32.dll:COMCTL32.dll (00007FF851820000), size: 2727936 (result: 0), SymType: '-deferred-', PDB: '', fileVersion: 6.10.19041.4355
C:\Windows\SYSTEM32\d3d12.dll:d3d12.dll (00007FF845A90000), size: 151552 (result: 0), SymType: '-deferred-', PDB: '', fileVersion: 10.0.19041.4355
C:\Windows\SYSTEM32\dwmapi.dll:dwmapi.dll (00007FF864890000), size: 192512 (result: 0), SymType: '-deferred-', PDB: '', fileVersion: 10.0.19041.5737
C:\Windows\System32\combase.dll:combase.dll (00007FF867D90000), size: 3493888 (result: 0), SymType: '-deferred-', PDB: '', fileVersion: 10.0.19041.5553
C:\Windows\SYSTEM32\dxgi.dll:dxgi.dll (00007FF865390000), size: 1007616 (result: 0), SymType: '-deferred-', PDB: '', fileVersion: 10.0.19041.5438
C:\Windows\SYSTEM32\IPHLPAPI.DLL:IPHLPAPI.DLL (00007FF865EA0000), size: 241664 (result: 0), SymType: '-deferred-', PDB: '', fileVersion: 10.0.19041.3636
C:\Windows\SYSTEM32\HID.DLL:HID.DLL (00007FF865350000), size: 53248 (result: 0), SymType: '-deferred-', PDB: '', fileVersion: 10.0.19041.3636
C:\Windows\SYSTEM32\kernel.appcore.dll:kernel.appcore.dll (00007FF8649A0000), size: 73728 (result: 0), SymType: '-deferred-', PDB: '', fileVersion: 10.0.19041.3758
C:\Windows\System32\SETUPAPI.dll:SETUPAPI.dll (00007FF868C80000), size: 4657152 (result: 0), SymType: '-deferred-', PDB: '', fileVersion: 10.0.19041.5369
C:\Windows\SYSTEM32\OPENGL32.dll:OPENGL32.dll (00007FF80B9F0000), size: 1212416 (result: 0), SymType: '-deferred-', PDB: '', fileVersion: 10.0.19041.5438
C:\Windows\System32\cfgmgr32.dll:cfgmgr32.dll (00007FF867070000), size: 319488 (result: 0), SymType: '-deferred-', PDB: '', fileVersion: 10.0.19041.3996
C:\Windows\SYSTEM32\GLU32.dll:GLU32.dll (00007FF863210000), size: 180224 (result: 0), SymType: '-deferred-', PDB: '', fileVersion: 10.0.19041.3636
C:\Windows\System32\SHELL32.dll:SHELL32.dll (00007FF8674F0000), size: 7794688 (result: 0), SymType: '-deferred-', PDB: '', fileVersion: 10.0.19041.5678
C:\Windows\SYSTEM32\d3d11.dll:d3d11.dll (00007FF861C10000), size: 2502656 (result: 0), SymType: '-deferred-', PDB: '', fileVersion: 10.0.19041.4355
C:\Windows\System32\SHLWAPI.dll:SHLWAPI.dll (00007FF868B10000), size: 348160 (result: 0), SymType: '-deferred-', PDB: '', fileVersion: 10.0.19041.4355
C:\Windows\SYSTEM32\WINHTTP.dll:WINHTTP.dll (00007FF85FE00000), size: 1089536 (result: 0), SymType: '-deferred-', PDB: '', fileVersion: 10.0.19041.5438
C:\Windows\System32\OLEAUT32.dll:OLEAUT32.dll (00007FF868210000), size: 839680 (result: 0), SymType: '-deferred-', PDB: '', fileVersion: 10.0.19041.3636
C:\Windows\SYSTEM32\WINMM.dll:WINMM.dll (00007FF85B740000), size: 159744 (result: 0), SymType: '-deferred-', PDB: '', fileVersion: 10.0.19041.3636
D:\Nova pasta\6000.1.4f1\Editor\SketchUpAPI.dll:SketchUpAPI.dll (00007FF821900000), size: 8990720 (result: 0), SymType: '-deferred-', PDB: '', fileVersion: 23.0.0.0
D:\Nova pasta\6000.1.4f1\Editor\NativeProxyHelper.dll:NativeProxyHelper.dll (00007FF824220000), size: 1789952 (result: 0), SymType: '-deferred-', PDB: ''
D:\Nova pasta\6000.1.4f1\Editor\SketchUpCommonPreferences.dll:SketchUpCommonPreferences.dll (00007FF825B60000), size: 499712 (result: 0), SymType: '-deferred-', PDB: '', fileVersion: 23.0.0.0
C:\Windows\SYSTEM32\Secur32.dll:Secur32.dll (00007FF853630000), size: 49152 (result: 0), SymType: '-deferred-', PDB: '', fileVersion: 10.0.19041.3636
C:\Windows\System32\WINTRUST.dll:WINTRUST.dll (00007FF866D20000), size: 471040 (result: 0), SymType: '-deferred-', PDB: '', fileVersion: 10.0.19041.5737
C:\Windows\SYSTEM32\WSOCK32.dll:WSOCK32.dll (00007FF863B10000), size: 36864 (result: 0), SymType: '-deferred-', PDB: '', fileVersion: 10.0.19041.1
C:\Windows\SYSTEM32\VERSION.dll:VERSION.dll (00007FF85E9E0000), size: 40960 (result: 0), SymType: '-deferred-', PDB: '', fileVersion: 10.0.19041.3636
C:\Windows\SYSTEM32\SSPICLI.DLL:SSPICLI.DLL (00007FF8669B0000), size: 204800 (result: 0), SymType: '-deferred-', PDB: '', fileVersion: 10.0.19041.5737
D:\Nova pasta\6000.1.4f1\Editor\OpenRL.dll:OpenRL.dll (0000024B98100000), size: 12779520 (result: 0), SymType: '-deferred-', PDB: '', fileVersion: 1.5.0.2907
C:\Windows\SYSTEM32\MSVCR100.dll:MSVCR100.dll (0000000050A00000), size: 860160 (result: 0), SymType: '-deferred-', PDB: '', fileVersion: 10.0.40219.325
C:\Windows\SYSTEM32\MSWSOCK.DLL:MSWSOCK.DLL (00007FF8661C0000), size: 442368 (result: 0), SymType: '-deferred-', PDB: '', fileVersion: 10.0.19041.5553
D:\Nova pasta\6000.1.4f1\Editor\embree.dll:embree.dll (00007FF820910000), size: 16711680 (result: 0), SymType: '-deferred-', PDB: '', fileVersion: 2.14.0.0
C:\Windows\SYSTEM32\MSVCP100.dll:MSVCP100.dll (0000000050AE0000), size: 622592 (result: 0), SymType: '-deferred-', PDB: '', fileVersion: 10.0.40219.325
D:\Nova pasta\6000.1.4f1\Editor\tbb.dll:tbb.dll (00007FF832A30000), size: 303104 (result: 0), SymType: '-deferred-', PDB: '', fileVersion: 2020.3.2022.1111
D:\Nova pasta\6000.1.4f1\Editor\OpenRL_pthread.dll:OpenRL_pthread.dll (0000024B96820000), size: 61440 (result: 0), SymType: '-deferred-', PDB: '', fileVersion: 2.9.0.0
C:\Windows\SYSTEM32\MSASN1.dll:MSASN1.dll (00007FF8665F0000), size: 73728 (result: 0), SymType: '-deferred-', PDB: '', fileVersion: 10.0.19041.3636
C:\Windows\System32\bcryptprimitives.dll:bcryptprimitives.dll (00007FF866FE0000), size: 532480 (result: 0), SymType: '-deferred-', PDB: '', fileVersion: 10.0.19041.5007
C:\Windows\system32\uxtheme.dll:uxtheme.dll (00007FF8644B0000), size: 647168 (result: 0), SymType: '-deferred-', PDB: '', fileVersion: 10.0.19041.4529
C:\Windows\SYSTEM32\windows.storage.dll:windows.storage.dll (00007FF864BA0000), size: 8007680 (result: 0), SymType: '-deferred-', PDB: '', fileVersion: 10.0.19041.5678
C:\Windows\SYSTEM32\Wldp.dll:Wldp.dll (00007FF866460000), size: 176128 (result: 0), SymType: '-deferred-', PDB: '', fileVersion: 10.0.19041.5737
C:\Windows\System32\SHCORE.dll:SHCORE.dll (00007FF868480000), size: 708608 (result: 0), SymType: '-deferred-', PDB: '', fileVersion: 10.0.19041.5678
C:\Windows\SYSTEM32\profapi.dll:profapi.dll (00007FF866A30000), size: 151552 (result: 0), SymType: '-deferred-', PDB: '', fileVersion: 10.0.19041.5553
C:\Windows\system32\IconCodecService.dll:IconCodecService.dll (00007FF845510000), size: 36864 (result: 0), SymType: '-deferred-', PDB: '', fileVersion: 10.0.19041.1
C:\Windows\SYSTEM32\WindowsCodecs.dll:WindowsCodecs.dll (00007FF8642B0000), size: 1785856 (result: 0), SymType: '-deferred-', PDB: '', fileVersion: 10.0.19041.5129
C:\Windows\System32\clbcatq.dll:clbcatq.dll (00007FF8680F0000), size: 692224 (result: 0), SymType: '-deferred-', PDB: '', fileVersion: 2001.12.10941.16384
C:\Windows\System32\netprofm.dll:netprofm.dll (00007FF864120000), size: 258048 (result: 0), SymType: '-deferred-', PDB: '', fileVersion: 10.0.19041.4355
C:\Windows\System32\NSI.dll:NSI.dll (00007FF8681A0000), size: 32768 (result: 0), SymType: '-deferred-', PDB: '', fileVersion: 10.0.19041.3636
C:\Windows\SYSTEM32\dhcpcsvc6.DLL:dhcpcsvc6.DLL (00007FF860C30000), size: 94208 (result: 0), SymType: '-deferred-', PDB: '', fileVersion: 10.0.19041.3636
C:\Windows\SYSTEM32\dhcpcsvc.DLL:dhcpcsvc.DLL (00007FF861050000), size: 118784 (result: 0), SymType: '-deferred-', PDB: '', fileVersion: 10.0.19041.3636
C:\Windows\SYSTEM32\DNSAPI.dll:DNSAPI.dll (00007FF865EE0000), size: 827392 (result: 0), SymType: '-deferred-', PDB: '', fileVersion: 10.0.19041.5369
C:\Windows\system32\napinsp.dll:napinsp.dll (00007FF851E90000), size: 94208 (result: 0), SymType: '-deferred-', PDB: '', fileVersion: 10.0.19041.3636
C:\Windows\system32\pnrpnsp.dll:pnrpnsp.dll (00007FF851B30000), size: 110592 (result: 0), SymType: '-deferred-', PDB: '', fileVersion: 10.0.19041.3636
C:\Windows\system32\wshbth.dll:wshbth.dll (00007FF851AC0000), size: 86016 (result: 0), SymType: '-deferred-', PDB: '', fileVersion: 10.0.19041.3636
C:\Windows\system32\NLAapi.dll:NLAapi.dll (00007FF8637C0000), size: 118784 (result: 0), SymType: '-deferred-', PDB: '', fileVersion: 10.0.19041.4123
C:\Windows\System32\winrnr.dll:winrnr.dll (00007FF851710000), size: 73728 (result: 0), SymType: '-deferred-', PDB: '', fileVersion: 10.0.19041.3636
C:\Windows\System32\fwpuclnt.dll:fwpuclnt.dll (00007FF85D8C0000), size: 524288 (result: 0), SymType: '-deferred-', PDB: '', fileVersion: 10.0.19041.5438
C:\Windows\System32\rasadhlp.dll:rasadhlp.dll (00007FF85E9D0000), size: 40960 (result: 0), SymType: '-deferred-', PDB: '', fileVersion: 10.0.19041.3636
C:\Windows\System32\npmproxy.dll:npmproxy.dll (00007FF85E9C0000), size: 65536 (result: 0), SymType: '-deferred-', PDB: '', fileVersion: 10.0.19041.4239
D:\Nova pasta\6000.1.4f1\Editor\AMDUnityPlugin.DLL:AMDUnityPlugin.DLL (00007FF8200A0000), size: 8814592 (result: 0), SymType: '-deferred-', PDB: ''
D:\Nova pasta\6000.1.4f1\Editor\NVUnityPlugin.DLL:NVUnityPlugin.DLL (00007FF81FF10000), size: 1605632 (result: 0), SymType: '-deferred-', PDB: ''
D:\Nova pasta\6000.1.4f1\Editor\Data\Tools\astcenc-avx2.dll:astcenc-avx2.dll (00007FF826160000), size: 352256 (result: 0), SymType: '-deferred-', PDB: ''
C:\Windows\System32\MMDevApi.dll:MMDevApi.dll (00007FF85F000000), size: 561152 (result: 0), SymType: '-deferred-', PDB: '', fileVersion: 10.0.19041.5438
C:\Windows\System32\DEVOBJ.dll:DEVOBJ.dll (00007FF8667C0000), size: 208896 (result: 0), SymType: '-deferred-', PDB: '', fileVersion: 10.0.19041.4355
D:\Nova pasta\6000.1.4f1\Editor\D3D12\D3D12Core.dll:D3D12Core.dll (00007FF81F950000), size: 5967872 (result: 0), SymType: '-deferred-', PDB: '', fileVersion: 1.611.2.0
C:\Windows\SYSTEM32\dxcore.dll:dxcore.dll (00007FF85BD10000), size: 241664 (result: 0), SymType: '-deferred-', PDB: '', fileVersion: 10.0.19041.4474
C:\Windows\System32\DriverStore\FileRepository\u0407052.inf_amd64_84d15514ad17ffa0\B406619\amdxc64.dll:amdxc64.dll (00007FFFFBA10000), size: 73240576 (result: 0), SymType: '-deferred-', PDB: '', fileVersion: 31.0.21921.1000
C:\Windows\SYSTEM32\amdihk64.dll:amdihk64.dll (00007FF857FA0000), size: 217088 (result: 0), SymType: '-deferred-', PDB: '', fileVersion: 2.0.0.1788
C:\Windows\SYSTEM32\D3DSCache.dll:D3DSCache.dll (00007FF857C00000), size: 176128 (result: 0), SymType: '-deferred-', PDB: '', fileVersion: 10.0.19041.4355
C:\Windows\SYSTEM32\USERENV.dll:USERENV.dll (00007FF8669F0000), size: 188416 (result: 0), SymType: '-deferred-', PDB: '', fileVersion: 10.0.19041.4355
D:\Nova pasta\6000.1.4f1\Editor\DirectML.dll:DirectML.dll (00007FF81EBE0000), size: 14061568 (result: 0), SymType: '-deferred-', PDB: '', fileVersion: 1.13.1.0
C:\Windows\SYSTEM32\d3d11on12.dll:d3d11on12.dll (00007FF824090000), size: 618496 (result: 0), SymType: '-deferred-', PDB: '', fileVersion: 10.0.19041.4355
C:\Windows\SYSTEM32\dxilconv.dll:dxilconv.dll (00007FF81EAA0000), size: 1282048 (result: 0), SymType: '-deferred-', PDB: '', fileVersion: 10.0.19041.1
C:\Windows\SYSTEM32\opencl.dll:opencl.dll (00007FF845AC0000), size: 516096 (result: 0), SymType: '-deferred-', PDB: '', fileVersion: 3.0.1.0
D:\Nova pasta\6000.1.4f1\Editor\radeonrays.dll:radeonrays.dll (00007FF825980000), size: 344064 (result: 0), SymType: '-deferred-', PDB: ''
D:\Nova pasta\6000.1.4f1\Editor\Data\MonoBleedingEdge\EmbedRuntime\mono-2.0-bdwgc.dll:mono-2.0-bdwgc.dll (00007FF81E050000), size: 10756096 (result: 0), SymType: '-deferred-', PDB: ''
C:\Windows\SYSTEM32\dbghelp.dll:dbghelp.dll (00007FF85FAD0000), size: 1982464 (result: 0), SymType: '-deferred-', PDB: '', fileVersion: 10.0.19041.3636

========== OUTPUTTING STACK TRACE ==================

0x00007FF8670FB699 (KERNELBASE) RaiseException
SymInit: Symbol-SearchPath: 'D:/Nova pasta/6000.1.4f1/Editor/Data/Mono;.;D:\GUI;D:\GUI\Library\BurstCache\JIT;D:\Nova pasta\6000.1.4f1\Editor;C:\Windows;C:\Windows\system32;', symOptions: 534, UserName: 'Home'
OS-Version: 10.0.0
D:\Nova pasta\6000.1.4f1\Editor\Unity.exe:Unity.exe (00007FF74CE00000), size: 290816 (result: 0), SymType: 'PDB', PDB: 'D:\Nova pasta\6000.1.4f1\Editor\Unity_exe_x64.pdb', fileVersion: 6000.1.4.9998
C:\Windows\SYSTEM32\ntdll.dll:ntdll.dll (00007FF869470000), size: 2064384 (result: 0), SymType: '-nosymbols-', PDB: 'C:\Windows\SYSTEM32\ntdll.dll', fileVersion: 10.0.19041.5438
C:\Windows\System32\KERNEL32.DLL:KERNEL32.DLL (00007FF868530000), size: 794624 (result: 0), SymType: '-nosymbols-', PDB: 'C:\Windows\System32\KERNEL32.DLL', fileVersion: 10.0.19041.5678
C:\Windows\System32\KERNELBASE.dll:KERNELBASE.dll (00007FF8670C0000), size: 3104768 (result: 0), SymType: '-exported-', PDB: 'C:\Windows\System32\KERNELBASE.dll', fileVersion: 10.0.19041.5678
C:\Windows\System32\USER32.dll:USER32.dll (00007FF8682E0000), size: 1691648 (result: 0), SymType: '-nosymbols-', PDB: 'C:\Windows\System32\USER32.dll', fileVersion: 10.0.19041.5737
C:\Windows\System32\win32u.dll:win32u.dll (00007FF866F00000), size: 139264 (result: 0), SymType: '-nosymbols-', PDB: 'C:\Windows\System32\win32u.dll', fileVersion: 10.0.19041.5737
C:\Windows\System32\GDI32.dll:GDI32.dll (00007FF869190000), size: 176128 (result: 0), SymType: '-nosymbols-', PDB: 'C:\Windows\System32\GDI32.dll', fileVersion: 10.0.19041.5737
C:\Windows\System32\gdi32full.dll:gdi32full.dll (00007FF866B00000), size: 1155072 (result: 0), SymType: '-nosymbols-', PDB: 'C:\Windows\System32\gdi32full.dll', fileVersion: 10.0.19041.5737
C:\Windows\System32\msvcp_win.dll:msvcp_win.dll (00007FF8673C0000), size: 643072 (result: 0), SymType: '-nosymbols-', PDB: 'C:\Windows\System32\msvcp_win.dll', fileVersion: 10.0.19041.3636
C:\Windows\System32\ucrtbase.dll:ucrtbase.dll (00007FF866C20000), size: 1048576 (result: 0), SymType: '-nosymbols-', PDB: 'C:\Windows\System32\ucrtbase.dll', fileVersion: 10.0.19041.3636
C:\Windows\System32\IMM32.DLL:IMM32.DLL (00007FF868AE0000), size: 192512 (result: 0), SymType: '-nosymbols-', PDB: 'C:\Windows\System32\IMM32.DLL', fileVersion: 10.0.19041.5737
D:\Nova pasta\6000.1.4f1\Editor\Unity.dll:Unity.dll (00007FF817C90000), size: 86872064 (result: -529697949), SymType: '-deferred-', PDB: '', fileVersion: 6000.1.4.9998
C:\Windows\System32\CRYPT32.dll:CRYPT32.dll (00007FF866DA0000), size: 1429504 (result: 0), SymType: '-exported-', PDB: 'C:\Windows\System32\CRYPT32.dll', fileVersion: 10.0.19041.5737
C:\Windows\System32\ADVAPI32.dll:ADVAPI32.dll (00007FF8686D0000), size: 716800 (result: 0), SymType: '-exported-', PDB: 'C:\Windows\System32\ADVAPI32.dll', fileVersion: 10.0.19041.5737
C:\Windows\System32\msvcrt.dll:msvcrt.dll (00007FF8691C0000), size: 647168 (result: 0), SymType: '-exported-', PDB: 'C:\Windows\System32\msvcrt.dll', fileVersion: 7.0.19041.3636
C:\Windows\System32\sechost.dll:sechost.dll (00007FF869390000), size: 651264 (result: 0), SymType: '-exported-', PDB: 'C:\Windows\System32\sechost.dll', fileVersion: 10.0.19041.5737
D:\Nova pasta\6000.1.4f1\Editor\libfbxsdk.dll:libfbxsdk.dll (00007FF824510000), size: 8019968 (result: 0), SymType: '-nosymbols-', PDB: 'D:\Nova pasta\6000.1.4f1\Editor\libfbxsdk.dll', fileVersion: 2020.3.7.0
C:\Windows\System32\RPCRT4.dll:RPCRT4.dll (00007FF867C60000), size: 1191936 (result: 0), SymType: '-exported-', PDB: 'C:\Windows\System32\RPCRT4.dll', fileVersion: 10.0.19041.4957
C:\Windows\System32\bcrypt.dll:bcrypt.dll (00007FF867460000), size: 159744 (result: 0), SymType: '-exported-', PDB: 'C:\Windows\System32\bcrypt.dll', fileVersion: 10.0.19041.5369
D:\Nova pasta\6000.1.4f1\Editor\s3tcompress.dll:s3tcompress.dll (00007FF832B10000), size: 180224 (result: 0), SymType: '-exported-', PDB: 'D:\Nova pasta\6000.1.4f1\Editor\s3tcompress.dll'
D:\Nova pasta\6000.1.4f1\Editor\etccompress.dll:etccompress.dll (00007FF8221A0000), size: 5070848 (result: 0), SymType: '-exported-', PDB: 'D:\Nova pasta\6000.1.4f1\Editor\etccompress.dll'
D:\Nova pasta\6000.1.4f1\Editor\ispc_texcomp.dll:ispc_texcomp.dll (00007FF8261C0000), size: 1826816 (result: 0), SymType: '-nosymbols-', PDB: 'D:\Nova pasta\6000.1.4f1\Editor\ispc_texcomp.dll'
D:\Nova pasta\6000.1.4f1\Editor\compress_bc7e.dll:compress_bc7e.dll (00007FF824CC0000), size: 1433600 (result: 0), SymType: '-nosymbols-', PDB: 'D:\Nova pasta\6000.1.4f1\Editor\compress_bc7e.dll'
D:\Nova pasta\6000.1.4f1\Editor\WinPixEventRuntime.dll:WinPixEventRuntime.dll (00007FF864190000), size: 53248 (result: 0), SymType: '-exported-', PDB: 'D:\Nova pasta\6000.1.4f1\Editor\WinPixEventRuntime.dll', fileVersion: 1.0.2201.24001
D:\Nova pasta\6000.1.4f1\Editor\FreeImage.dll:FreeImage.dll (0000000180000000), size: 5783552 (result: 0), SymType: '-nosymbols-', PDB: 'D:\Nova pasta\6000.1.4f1\Editor\FreeImage.dll', fileVersion: 3.18.0.0
C:\Windows\System32\WS2_32.dll:WS2_32.dll (00007FF868660000), size: 438272 (result: 0), SymType: '-nosymbols-', PDB: 'C:\Windows\System32\WS2_32.dll', fileVersion: 10.0.19041.3636
D:\Nova pasta\6000.1.4f1\Editor\umbraoptimizer64.dll:umbraoptimizer64.dll (00007FF8243E0000), size: 1187840 (result: 0), SymType: '-nosymbols-', PDB: 'D:\Nova pasta\6000.1.4f1\Editor\umbraoptimizer64.dll'
C:\Windows\SYSTEM32\VCRUNTIME140.dll:VCRUNTIME140.dll (00007FF8543E0000), size: 122880 (result: 0), SymType: '-nosymbols-', PDB: 'C:\Windows\SYSTEM32\VCRUNTIME140.dll', fileVersion: 14.42.34438.0
C:\Windows\SYSTEM32\VCRUNTIME140_1.dll:VCRUNTIME140_1.dll (00007FF853DA0000), size: 49152 (result: 0), SymType: '-nosymbols-', PDB: 'C:\Windows\SYSTEM32\VCRUNTIME140_1.dll', fileVersion: 14.42.34438.0
C:\Windows\SYSTEM32\MSVCP140.dll:MSVCP140.dll (00007FF8542C0000), size: 577536 (result: 0), SymType: '-nosymbols-', PDB: 'C:\Windows\SYSTEM32\MSVCP140.dll', fileVersion: 14.42.34438.0
C:\Windows\System32\ole32.dll:ole32.dll (00007FF869260000), size: 1224704 (result: 0), SymType: '-nosymbols-', PDB: 'C:\Windows\System32\ole32.dll', fileVersion: 10.0.19041.5369
C:\Windows\WinSxS\amd64_microsoft.windows.common-controls_6595b64144ccf1df_6.0.19041.4355_none_60b8b9eb71f62e16\COMCTL32.dll:COMCTL32.dll (00007FF851820000), size: 2727936 (result: 0), SymType: '-nosymbols-', PDB: 'C:\Windows\WinSxS\amd64_microsoft.windows.common-controls_6595b64144ccf1df_6.0.19041.4355_none_60b8b9eb71f62e16\COMCTL32.dll', fileVersion: 6.10.19041.4355
C:\Windows\SYSTEM32\d3d12.dll:d3d12.dll (00007FF845A90000), size: 151552 (result: 0), SymType: '-nosymbols-', PDB: 'C:\Windows\SYSTEM32\d3d12.dll', fileVersion: 10.0.19041.4355
C:\Windows\SYSTEM32\dwmapi.dll:dwmapi.dll (00007FF864890000), size: 192512 (result: 0), SymType: '-nosymbols-', PDB: 'C:\Windows\SYSTEM32\dwmapi.dll', fileVersion: 10.0.19041.5737
C:\Windows\System32\combase.dll:combase.dll (00007FF867D90000), size: 3493888 (result: 0), SymType: '-nosymbols-', PDB: 'C:\Windows\System32\combase.dll', fileVersion: 10.0.19041.5553
C:\Windows\SYSTEM32\dxgi.dll:dxgi.dll (00007FF865390000), size: 1007616 (result: 0), SymType: '-nosymbols-', PDB: 'C:\Windows\SYSTEM32\dxgi.dll', fileVersion: 10.0.19041.5438
C:\Windows\SYSTEM32\IPHLPAPI.DLL:IPHLPAPI.DLL (00007FF865EA0000), size: 241664 (result: 0), SymType: '-nosymbols-', PDB: 'C:\Windows\SYSTEM32\IPHLPAPI.DLL', fileVersion: 10.0.19041.3636
C:\Windows\SYSTEM32\HID.DLL:HID.DLL (00007FF865350000), size: 53248 (result: 0), SymType: '-nosymbols-', PDB: 'C:\Windows\SYSTEM32\HID.DLL', fileVersion: 10.0.19041.3636
C:\Windows\SYSTEM32\kernel.appcore.dll:kernel.appcore.dll (00007FF8649A0000), size: 73728 (result: 0), SymType: '-nosymbols-', PDB: 'C:\Windows\SYSTEM32\kernel.appcore.dll', fileVersion: 10.0.19041.3758
C:\Windows\System32\SETUPAPI.dll:SETUPAPI.dll (00007FF868C80000), size: 4657152 (result: 0), SymType: '-nosymbols-', PDB: 'C:\Windows\System32\SETUPAPI.dll', fileVersion: 10.0.19041.5369
C:\Windows\SYSTEM32\OPENGL32.dll:OPENGL32.dll (00007FF80B9F0000), size: 1212416 (result: 0), SymType: '-nosymbols-', PDB: 'C:\Windows\SYSTEM32\OPENGL32.dll', fileVersion: 10.0.19041.5438
C:\Windows\System32\cfgmgr32.dll:cfgmgr32.dll (00007FF867070000), size: 319488 (result: 0), SymType: '-nosymbols-', PDB: 'C:\Windows\System32\cfgmgr32.dll', fileVersion: 10.0.19041.3996
C:\Windows\SYSTEM32\GLU32.dll:GLU32.dll (00007FF863210000), size: 180224 (result: 0), SymType: '-nosymbols-', PDB: 'C:\Windows\SYSTEM32\GLU32.dll', fileVersion: 10.0.19041.3636
C:\Windows\System32\SHELL32.dll:SHELL32.dll (00007FF8674F0000), size: 7794688 (result: 0), SymType: '-nosymbols-', PDB: 'C:\Windows\System32\SHELL32.dll', fileVersion: 10.0.19041.5678
C:\Windows\SYSTEM32\d3d11.dll:d3d11.dll (00007FF861C10000), size: 2502656 (result: 0), SymType: '-nosymbols-', PDB: 'C:\Windows\SYSTEM32\d3d11.dll', fileVersion: 10.0.19041.4355
C:\Windows\System32\SHLWAPI.dll:SHLWAPI.dll (00007FF868B10000), size: 348160 (result: 0), SymType: '-nosymbols-', PDB: 'C:\Windows\System32\SHLWAPI.dll', fileVersion: 10.0.19041.4355
C:\Windows\SYSTEM32\WINHTTP.dll:WINHTTP.dll (00007FF85FE00000), size: 1089536 (result: 0), SymType: '-nosymbols-', PDB: 'C:\Windows\SYSTEM32\WINHTTP.dll', fileVersion: 10.0.19041.5438
C:\Windows\System32\OLEAUT32.dll:OLEAUT32.dll (00007FF868210000), size: 839680 (result: 0), SymType: '-nosymbols-', PDB: 'C:\Windows\System32\OLEAUT32.dll', fileVersion: 10.0.19041.3636
C:\Windows\SYSTEM32\WINMM.dll:WINMM.dll (00007FF85B740000), size: 159744 (result: 0), SymType: '-nosymbols-', PDB: 'C:\Windows\SYSTEM32\WINMM.dll', fileVersion: 10.0.19041.3636
D:\Nova pasta\6000.1.4f1\Editor\SketchUpAPI.dll:SketchUpAPI.dll (00007FF821900000), size: 8990720 (result: 0), SymType: '-nosymbols-', PDB: 'D:\Nova pasta\6000.1.4f1\Editor\SketchUpAPI.dll', fileVersion: 23.0.0.0
D:\Nova pasta\6000.1.4f1\Editor\NativeProxyHelper.dll:NativeProxyHelper.dll (00007FF824220000), size: 1789952 (result: 0), SymType: '-nosymbols-', PDB: 'D:\Nova pasta\6000.1.4f1\Editor\NativeProxyHelper.dll'
D:\Nova pasta\6000.1.4f1\Editor\SketchUpCommonPreferences.dll:SketchUpCommonPreferences.dll (00007FF825B60000), size: 499712 (result: 0), SymType: '-nosymbols-', PDB: 'D:\Nova pasta\6000.1.4f1\Editor\SketchUpCommonPreferences.dll', fileVersion: 23.0.0.0
C:\Windows\SYSTEM32\Secur32.dll:Secur32.dll (00007FF853630000), size: 49152 (result: 0), SymType: '-nosymbols-', PDB: 'C:\Windows\SYSTEM32\Secur32.dll', fileVersion: 10.0.19041.3636
C:\Windows\System32\WINTRUST.dll:WINTRUST.dll (00007FF866D20000), size: 471040 (result: 0), SymType: '-nosymbols-', PDB: 'C:\Windows\System32\WINTRUST.dll', fileVersion: 10.0.19041.5737
C:\Windows\SYSTEM32\WSOCK32.dll:WSOCK32.dll (00007FF863B10000), size: 36864 (result: 0), SymType: '-nosymbols-', PDB: 'C:\Windows\SYSTEM32\WSOCK32.dll', fileVersion: 10.0.19041.1
C:\Windows\SYSTEM32\VERSION.dll:VERSION.dll (00007FF85E9E0000), size: 40960 (result: 0), SymType: '-nosymbols-', PDB: 'C:\Windows\SYSTEM32\VERSION.dll', fileVersion: 10.0.19041.3636
C:\Windows\SYSTEM32\SSPICLI.DLL:SSPICLI.DLL (00007FF8669B0000), size: 204800 (result: 0), SymType: '-nosymbols-', PDB: 'C:\Windows\SYSTEM32\SSPICLI.DLL', fileVersion: 10.0.19041.5737
D:\Nova pasta\6000.1.4f1\Editor\OpenRL.dll:OpenRL.dll (0000024B98100000), size: 12779520 (result: 0), SymType: '-nosymbols-', PDB: 'D:\Nova pasta\6000.1.4f1\Editor\OpenRL.dll', fileVersion: 1.5.0.2907
C:\Windows\SYSTEM32\MSVCR100.dll:MSVCR100.dll (0000000050A00000), size: 860160 (result: 0), SymType: '-nosymbols-', PDB: 'C:\Windows\SYSTEM32\MSVCR100.dll', fileVersion: 10.0.40219.325
C:\Windows\SYSTEM32\MSWSOCK.DLL:MSWSOCK.DLL (00007FF8661C0000), size: 442368 (result: 0), SymType: '-nosymbols-', PDB: 'C:\Windows\SYSTEM32\MSWSOCK.DLL', fileVersion: 10.0.19041.5553
D:\Nova pasta\6000.1.4f1\Editor\embree.dll:embree.dll (00007FF820910000), size: 16711680 (result: 0), SymType: '-nosymbols-', PDB: 'D:\Nova pasta\6000.1.4f1\Editor\embree.dll', fileVersion: 2.14.0.0
C:\Windows\SYSTEM32\MSVCP100.dll:MSVCP100.dll (0000000050AE0000), size: 622592 (result: 0), SymType: '-nosymbols-', PDB: 'C:\Windows\SYSTEM32\MSVCP100.dll', fileVersion: 10.0.40219.325
D:\Nova pasta\6000.1.4f1\Editor\tbb.dll:tbb.dll (00007FF832A30000), size: 303104 (result: 0), SymType: '-nosymbols-', PDB: 'D:\Nova pasta\6000.1.4f1\Editor\tbb.dll', fileVersion: 2020.3.2022.1111
D:\Nova pasta\6000.1.4f1\Editor\OpenRL_pthread.dll:OpenRL_pthread.dll (0000024B96820000), size: 61440 (result: 0), SymType: '-nosymbols-', PDB: 'D:\Nova pasta\6000.1.4f1\Editor\OpenRL_pthread.dll', fileVersion: 2.9.0.0
C:\Windows\SYSTEM32\MSASN1.dll:MSASN1.dll (00007FF8665F0000), size: 73728 (result: 0), SymType: '-nosymbols-', PDB: 'C:\Windows\SYSTEM32\MSASN1.dll', fileVersion: 10.0.19041.3636
C:\Windows\System32\bcryptprimitives.dll:bcryptprimitives.dll (00007FF866FE0000), size: 532480 (result: 0), SymType: '-nosymbols-', PDB: 'C:\Windows\System32\bcryptprimitives.dll', fileVersion: 10.0.19041.5007
C:\Windows\system32\uxtheme.dll:uxtheme.dll (00007FF8644B0000), size: 647168 (result: 0), SymType: '-nosymbols-', PDB: 'C:\Windows\system32\uxtheme.dll', fileVersion: 10.0.19041.4529
C:\Windows\SYSTEM32\windows.storage.dll:windows.storage.dll (00007FF864BA0000), size: 8007680 (result: 0), SymType: '-nosymbols-', PDB: 'C:\Windows\SYSTEM32\windows.storage.dll', fileVersion: 10.0.19041.5678
C:\Windows\SYSTEM32\Wldp.dll:Wldp.dll (00007FF866460000), size: 176128 (result: 0), SymType: '-nosymbols-', PDB: 'C:\Windows\SYSTEM32\Wldp.dll', fileVersion: 10.0.19041.5737
C:\Windows\System32\SHCORE.dll:SHCORE.dll (00007FF868480000), size: 708608 (result: 0), SymType: '-nosymbols-', PDB: 'C:\Windows\System32\SHCORE.dll', fileVersion: 10.0.19041.5678
C:\Windows\SYSTEM32\profapi.dll:profapi.dll (00007FF866A30000), size: 151552 (result: 0), SymType: '-nosymbols-', PDB: 'C:\Windows\SYSTEM32\profapi.dll', fileVersion: 10.0.19041.5553
C:\Windows\system32\IconCodecService.dll:IconCodecService.dll (00007FF845510000), size: 36864 (result: 0), SymType: '-nosymbols-', PDB: 'C:\Windows\system32\IconCodecService.dll', fileVersion: 10.0.19041.1
C:\Windows\SYSTEM32\WindowsCodecs.dll:WindowsCodecs.dll (00007FF8642B0000), size: 1785856 (result: 0), SymType: '-nosymbols-', PDB: 'C:\Windows\SYSTEM32\WindowsCodecs.dll', fileVersion: 10.0.19041.5129
C:\Windows\System32\clbcatq.dll:clbcatq.dll (00007FF8680F0000), size: 692224 (result: 0), SymType: '-nosymbols-', PDB: 'C:\Windows\System32\clbcatq.dll', fileVersion: 2001.12.10941.16384
C:\Windows\System32\netprofm.dll:netprofm.dll (00007FF864120000), size: 258048 (result: 0), SymType: '-nosymbols-', PDB: 'C:\Windows\System32\netprofm.dll', fileVersion: 10.0.19041.4355
C:\Windows\System32\NSI.dll:NSI.dll (00007FF8681A0000), size: 32768 (result: 0), SymType: '-nosymbols-', PDB: 'C:\Windows\System32\NSI.dll', fileVersion: 10.0.19041.3636
C:\Windows\SYSTEM32\dhcpcsvc6.DLL:dhcpcsvc6.DLL (00007FF860C30000), size: 94208 (result: 0), SymType: '-nosymbols-', PDB: 'C:\Windows\SYSTEM32\dhcpcsvc6.DLL', fileVersion: 10.0.19041.3636
C:\Windows\SYSTEM32\dhcpcsvc.DLL:dhcpcsvc.DLL (00007FF861050000), size: 118784 (result: 0), SymType: '-nosymbols-', PDB: 'C:\Windows\SYSTEM32\dhcpcsvc.DLL', fileVersion: 10.0.19041.3636
C:\Windows\SYSTEM32\DNSAPI.dll:DNSAPI.dll (00007FF865EE0000), size: 827392 (result: 0), SymType: '-nosymbols-', PDB: 'C:\Windows\SYSTEM32\DNSAPI.dll', fileVersion: 10.0.19041.5369
C:\Windows\system32\napinsp.dll:napinsp.dll (00007FF851E90000), size: 94208 (result: 0), SymType: '-nosymbols-', PDB: 'C:\Windows\system32\napinsp.dll', fileVersion: 10.0.19041.3636
C:\Windows\system32\pnrpnsp.dll:pnrpnsp.dll (00007FF851B30000), size: 110592 (result: 0), SymType: '-nosymbols-', PDB: 'C:\Windows\system32\pnrpnsp.dll', fileVersion: 10.0.19041.3636
C:\Windows\system32\wshbth.dll:wshbth.dll (00007FF851AC0000), size: 86016 (result: 0), SymType: '-nosymbols-', PDB: 'C:\Windows\system32\wshbth.dll', fileVersion: 10.0.19041.3636
C:\Windows\system32\NLAapi.dll:NLAapi.dll (00007FF8637C0000), size: 118784 (result: 0), SymType: '-nosymbols-', PDB: 'C:\Windows\system32\NLAapi.dll', fileVersion: 10.0.19041.4123
C:\Windows\System32\winrnr.dll:winrnr.dll (00007FF851710000), size: 73728 (result: 0), SymType: '-nosymbols-', PDB: 'C:\Windows\System32\winrnr.dll', fileVersion: 10.0.19041.3636
C:\Windows\System32\fwpuclnt.dll:fwpuclnt.dll (00007FF85D8C0000), size: 524288 (result: 0), SymType: '-nosymbols-', PDB: 'C:\Windows\System32\fwpuclnt.dll', fileVersion: 10.0.19041.5438
C:\Windows\System32\rasadhlp.dll:rasadhlp.dll (00007FF85E9D0000), size: 40960 (result: 0), SymType: '-nosymbols-', PDB: 'C:\Windows\System32\rasadhlp.dll', fileVersion: 10.0.19041.3636
C:\Windows\System32\npmproxy.dll:npmproxy.dll (00007FF85E9C0000), size: 65536 (result: 0), SymType: '-nosymbols-', PDB: 'C:\Windows\System32\npmproxy.dll', fileVersion: 10.0.19041.4239
D:\Nova pasta\6000.1.4f1\Editor\AMDUnityPlugin.DLL:AMDUnityPlugin.DLL (00007FF8200A0000), size: 8814592 (result: 0), SymType: '-nosymbols-', PDB: 'D:\Nova pasta\6000.1.4f1\Editor\AMDUnityPlugin.DLL'
D:\Nova pasta\6000.1.4f1\Editor\NVUnityPlugin.DLL:NVUnityPlugin.DLL (00007FF81FF10000), size: 1605632 (result: 0), SymType: '-nosymbols-', PDB: 'D:\Nova pasta\6000.1.4f1\Editor\NVUnityPlugin.DLL'
D:\Nova pasta\6000.1.4f1\Editor\Data\Tools\astcenc-avx2.dll:astcenc-avx2.dll (00007FF826160000), size: 352256 (result: 0), SymType: '-nosymbols-', PDB: 'D:\Nova pasta\6000.1.4f1\Editor\Data\Tools\astcenc-avx2.dll'
C:\Windows\System32\MMDevApi.dll:MMDevApi.dll (00007FF85F000000), size: 561152 (result: 0), SymType: '-nosymbols-', PDB: 'C:\Windows\System32\MMDevApi.dll', fileVersion: 10.0.19041.5438
C:\Windows\System32\DEVOBJ.dll:DEVOBJ.dll (00007FF8667C0000), size: 208896 (result: 0), SymType: '-nosymbols-', PDB: 'C:\Windows\System32\DEVOBJ.dll', fileVersion: 10.0.19041.4355
D:\Nova pasta\6000.1.4f1\Editor\D3D12\D3D12Core.dll:D3D12Core.dll (00007FF81F950000), size: 5967872 (result: 0), SymType: '-nosymbols-', PDB: 'D:\Nova pasta\6000.1.4f1\Editor\D3D12\D3D12Core.dll', fileVersion: 1.611.2.0
C:\Windows\SYSTEM32\dxcore.dll:dxcore.dll (00007FF85BD10000), size: 241664 (result: 0), SymType: '-nosymbols-', PDB: 'C:\Windows\SYSTEM32\dxcore.dll', fileVersion: 10.0.19041.4474
C:\Windows\System32\DriverStore\FileRepository\u0407052.inf_amd64_84d15514ad17ffa0\B406619\amdxc64.dll:amdxc64.dll (00007FFFFBA10000), size: 73240576 (result: 0), SymType: '-nosymbols-', PDB: 'C:\Windows\System32\DriverStore\FileRepository\u0407052.inf_amd64_84d15514ad17ffa0\B406619\amdxc64.dll', fileVersion: 31.0.21921.1000
C:\Windows\SYSTEM32\amdihk64.dll:amdihk64.dll (00007FF857FA0000), size: 217088 (result: 0), SymType: '-nosymbols-', PDB: 'C:\Windows\SYSTEM32\amdihk64.dll', fileVersion: 2.0.0.1788
C:\Windows\SYSTEM32\D3DSCache.dll:D3DSCache.dll (00007FF857C00000), size: 176128 (result: 0), SymType: '-nosymbols-', PDB: 'C:\Windows\SYSTEM32\D3DSCache.dll', fileVersion: 10.0.19041.4355
C:\Windows\SYSTEM32\USERENV.dll:USERENV.dll (00007FF8669F0000), size: 188416 (result: 0), SymType: '-nosymbols-', PDB: 'C:\Windows\SYSTEM32\USERENV.dll', fileVersion: 10.0.19041.4355
D:\Nova pasta\6000.1.4f1\Editor\DirectML.dll:DirectML.dll (00007FF81EBE0000), size: 14061568 (result: 0), SymType: '-nosymbols-', PDB: 'D:\Nova pasta\6000.1.4f1\Editor\DirectML.dll', fileVersion: 1.13.1.0
C:\Windows\SYSTEM32\d3d11on12.dll:d3d11on12.dll (00007FF824090000), size: 618496 (result: 0), SymType: '-nosymbols-', PDB: 'C:\Windows\SYSTEM32\d3d11on12.dll', fileVersion: 10.0.19041.4355
C:\Windows\SYSTEM32\dxilconv.dll:dxilconv.dll (00007FF81EAA0000), size: 1282048 (result: 0), SymType: '-nosymbols-', PDB: 'C:\Windows\SYSTEM32\dxilconv.dll', fileVersion: 10.0.19041.1
C:\Windows\SYSTEM32\opencl.dll:opencl.dll (00007FF845AC0000), size: 516096 (result: 0), SymType: '-nosymbols-', PDB: 'C:\Windows\SYSTEM32\opencl.dll', fileVersion: 3.0.1.0
D:\Nova pasta\6000.1.4f1\Editor\radeonrays.dll:radeonrays.dll (00007FF825980000), size: 344064 (result: 0), SymType: '-nosymbols-', PDB: 'D:\Nova pasta\6000.1.4f1\Editor\radeonrays.dll'
D:\Nova pasta\6000.1.4f1\Editor\Data\MonoBleedingEdge\EmbedRuntime\mono-2.0-bdwgc.dll:mono-2.0-bdwgc.dll (00007FF81E050000), size: 10756096 (result: 0), SymType: '-nosymbols-', PDB: 'D:\Nova pasta\6000.1.4f1\Editor\Data\MonoBleedingEdge\EmbedRuntime\mono-2.0-bdwgc.dll'
C:\Windows\SYSTEM32\dbghelp.dll:dbghelp.dll (00007FF85FAD0000), size: 1982464 (result: 0), SymType: '-nosymbols-', PDB: 'C:\Windows\SYSTEM32\dbghelp.dll', fileVersion: 10.0.19041.3636
  ERROR: SymGetSymFromAddr64, GetLastError: 'Unknown error [-529697949]' (Address: 00007FF819855A09)
0x00007FF819855A09 (Unity) (function-name not available)
  ERROR: SymGetSymFromAddr64, GetLastError: 'Unknown error [-529697949]' (Address: 00007FF8198566F0)
0x00007FF8198566F0 (Unity) (function-name not available)
  ERROR: SymGetSymFromAddr64, GetLastError: 'Unknown error [-529697949]' (Address: 00007FF81A4D3BED)
0x00007FF81A4D3BED (Unity) (function-name not available)
  ERROR: SymGetSymFromAddr64, GetLastError: 'Unknown error [-529697949]' (Address: 00007FF81A4D2F69)
0x00007FF81A4D2F69 (Unity) (function-name not available)
  ERROR: SymGetSymFromAddr64, GetLastError: 'Unknown error [-529697949]' (Address: 00007FF81847A380)
0x00007FF81847A380 (Unity) (function-name not available)
  ERROR: SymGetSymFromAddr64, GetLastError: 'Não foi possível encontrar o módulo especificado.' (Address: 00007FF8184869DE)
0x00007FF8184869DE (Unity) (function-name not available)
  ERROR: SymGetSymFromAddr64, GetLastError: 'Não foi possível encontrar o módulo especificado.' (Address: 00007FF817EA79FD)
0x00007FF817EA79FD (Unity) (function-name not available)
  ERROR: SymGetSymFromAddr64, GetLastError: 'Unknown error [-529697949]' (Address: 00007FF817EA6366)
0x00007FF817EA6366 (Unity) (function-name not available)
  ERROR: SymGetSymFromAddr64, GetLastError: 'Não foi possível encontrar o módulo especificado.' (Address: 00007FF818BD640A)
0x00007FF818BD640A (Unity) (function-name not available)
  ERROR: SymGetSymFromAddr64, GetLastError: 'Não foi possível encontrar o módulo especificado.' (Address: 00007FF818BD5C5B)
0x00007FF818BD5C5B (Unity) (function-name not available)
  ERROR: SymGetSymFromAddr64, GetLastError: 'Não foi possível encontrar o módulo especificado.' (Address: 00007FF818BD5A87)
0x00007FF818BD5A87 (Unity) (function-name not available)
  ERROR: SymGetSymFromAddr64, GetLastError: 'Não foi possível encontrar o módulo especificado.' (Address: 00007FF818BD4FB9)
0x00007FF818BD4FB9 (Unity) (function-name not available)
  ERROR: SymGetSymFromAddr64, GetLastError: 'Não foi possível encontrar o módulo especificado.' (Address: 00007FF818BD7A4A)
0x00007FF818BD7A4A (Unity) (function-name not available)
  ERROR: SymGetSymFromAddr64, GetLastError: 'Não foi possível encontrar o módulo especificado.' (Address: 00007FF819DE8023)
0x00007FF819DE8023 (Unity) (function-name not available)
  ERROR: SymGetSymFromAddr64, GetLastError: 'Não foi possível encontrar o módulo especificado.' (Address: 00007FF81A1290A9)
0x00007FF81A1290A9 (Unity) (function-name not available)
  ERROR: SymGetSymFromAddr64, GetLastError: 'Não foi possível encontrar o módulo especificado.' (Address: 00007FF81A102976)
0x00007FF81A102976 (Unity) (function-name not available)
  ERROR: SymGetSymFromAddr64, GetLastError: 'Não foi possível encontrar o módulo especificado.' (Address: 00007FF81A1E550F)
0x00007FF81A1E550F (Unity) (function-name not available)
  ERROR: SymGetSymFromAddr64, GetLastError: 'Não foi possível encontrar o módulo especificado.' (Address: 00007FF81A1D2C11)
0x00007FF81A1D2C11 (Unity) (function-name not available)
  ERROR: SymGetSymFromAddr64, GetLastError: 'Não foi possível encontrar o módulo especificado.' (Address: 00007FF81A1D3F1E)
0x00007FF81A1D3F1E (Unity) (function-name not available)
  ERROR: SymGetSymFromAddr64, GetLastError: 'Não foi possível encontrar o módulo especificado.' (Address: 00007FF81A1E3B4C)
0x00007FF81A1E3B4C (Unity) (function-name not available)
  ERROR: SymGetSymFromAddr64, GetLastError: 'Não foi possível encontrar o módulo especificado.' (Address: 00007FF81A12D368)
0x00007FF81A12D368 (Unity) (function-name not available)
  ERROR: SymGetSymFromAddr64, GetLastError: 'Não foi possível encontrar o módulo especificado.' (Address: 00007FF81A12D42B)
0x00007FF81A12D42B (Unity) (function-name not available)
  ERROR: SymGetSymFromAddr64, GetLastError: 'Não foi possível encontrar o módulo especificado.' (Address: 00007FF8199582FB)
0x00007FF8199582FB (Unity) (function-name not available)
  ERROR: SymGetSymFromAddr64, GetLastError: 'Não foi possível encontrar o módulo especificado.' (Address: 00007FF819F3EFC3)
0x00007FF819F3EFC3 (Unity) (function-name not available)
0x00007FF74CE02F2A (Unity) __scrt_common_main_seh
  ERROR: SymGetSymFromAddr64, GetLastError: 'Tentativa de acessar endereço inválido.' (Address: 00007FF868547374)
0x00007FF868547374 (KERNEL32) (function-name not available)
  ERROR: SymGetSymFromAddr64, GetLastError: 'Tentativa de acessar endereço inválido.' (Address: 00007FF8694BCC91)
0x00007FF8694BCC91 (ntdll) (function-name not available)

========== END OF STACKTRACE ===========

A crash has been intercepted by the crash handler. For call stack and other details, see the latest crash report generated in:
 * C:/Users/Home/AppData/Local/Temp/Unity/Editor/Crashes
